#
# A fatal error has been detected by the Java Runtime Environment:
#
#  SIGSEGV (0xb) at pc=0x000000010cf980ad, pid=14000, tid=38435
#
# JRE version: OpenJDK Runtime Environment Corretto-17.0.2.8.1 (17.0.2+8) (build 17.0.2+8-LTS)
# Java VM: OpenJDK 64-Bit Server VM Corretto-17.0.2.8.1 (17.0.2+8-LTS, mixed mode, sharing, tiered, compressed oops, compressed class ptrs, g1 gc, bsd-amd64)
# Problematic frame:
# V  [libjvm.dylib+0xa4d0ad]  _ZNK6Symbol11as_C_stringEv+0xd
#
# No core dump will be written. Core dumps have been disabled. To enable core dumping, try "ulimit -c unlimited" before starting Java again
#
# If you would like to submit a bug report, please visit:
#   https://github.com/corretto/corretto-17/issues/
#

---------------  S U M M A R Y ------------

Command Line: -XX:+ShowCodeDetailsInExceptionMessages -agentlib:jdwp=transport=dt_socket,suspend=y,address=localhost:50005 -javaagent:/Users/chelseaperrine/eclipse/java-2021-12/Eclipse.app/Contents/Eclipse/configuration/org.eclipse.osgi/215/0/.cp/lib/javaagent-shaded.jar -Dfile.encoding=UTF-8 --module-path=/Users/chelseaperrine/projects/Week6/Week6ProjectTry/bin -Djdk.module.main=Week6ProjectTry Week6ProjectTry/warGame.App

Host: "Macmini9,1" x86_64 (EMULATED) 2400 MHz, 8 cores, 8G, Darwin 21.4.0, macOS 12.3 (21E230)
Time: Thu Mar 31 19:46:24 2022 CDT elapsed time: 2173.183757 seconds (0d 0h 36m 13s)

---------------  T H R E A D  ---------------

Current thread (0x00007fe539818200):  JavaThread "JDWP Transport Listener: dt_socket" daemon [_thread_in_vm, id=38435, stack(0x000000030ae60000,0x000000030af60000)]

Stack: [0x000000030ae60000,0x000000030af60000],  sp=0x000000030af5fa80,  free space=1022k
Native frames: (J=compiled Java code, j=interpreted, Vv=VM code, C=native code)
V  [libjvm.dylib+0xa4d0ad]  _ZNK6Symbol11as_C_stringEv+0xd
V  [libjvm.dylib+0x6ca7d3]  _ZN8JvmtiEnv17GetClassSignatureEP7oopDescPPcS3_+0x103
V  [libjvm.dylib+0x689c8a]  _ZL23jvmti_GetClassSignatureP9_jvmtiEnvP7_jclassPPcS4_+0x15a
C  [libjdwp.dylib+0x2a74a]  classSignature+0x7a
C  [libjdwp.dylib+0x5983]  signatureWithGeneric+0x53
C  [libjdwp.dylib+0x10af0]  debugLoop_run+0x1e0
C  [libjdwp.dylib+0x24fa6]  attachThread+0x76
V  [libjvm.dylib+0x6e35a7]  _ZN16JvmtiAgentThread19call_start_functionEv+0x87
V  [libjvm.dylib+0xa9ea2e]  _ZN10JavaThread17thread_main_innerEv+0x13e
V  [libjvm.dylib+0xa9ce0a]  _ZN6Thread8call_runEv+0x10a
V  [libjvm.dylib+0x8a81f8]  _ZL19thread_native_entryP6Thread+0x148
C  [libsystem_pthread.dylib+0x64e1]  _pthread_start+0x7d
C  [libsystem_pthread.dylib+0x1f6b]  thread_start+0xf


siginfo: si_signo: 11 (SIGSEGV), si_code: 1 (SEGV_MAPERR), si_addr: 0x00000000009b009e

Register to memory mapping:

RAX=0x000000012c0427a8 is pointing into metadata
RBX=0x00000000009b009a is an unknown value
RCX=0x000000000000009c is an unknown value
RDX=0x0 is NULL
RSP=0x000000030af5fa80 is pointing into the stack for thread: 0x00007fe539818200
RBP=0x000000030af5faa0 is pointing into the stack for thread: 0x00007fe539818200
RSI=0x00007fe5277063af points into unknown readable memory: 3b
RDI=0x00000000009b009a is an unknown value
R8 =0x0 is NULL
R9 =0x000000000000000c is an unknown value
R10=0x0000600003126138 points into unknown readable memory: 0x0000000000000000 | 00 00 00 00 00 00 00 00
R11=0x0 is NULL
R12=0x0000600001c2ced0 points into unknown readable memory: 0x0000000000000002 | 02 00 00 00 00 00 00 00
R13=0x0000000800c06108 is a pointer to class: 
warGame.Deck {0x0000000800c06108}
 - instance size:     5
 - klass size:        240
 - access:            public synchronized 
 - state:             fully_initialized
 - name:              'warGame/Deck'
 - super:             'java/util/LinkedList'
 - sub:               
 - arrays:            NULL
 - methods:           Array<T>(0x000000012c0419a0)
 - method ordering:   Array<T>(0x000000012c041cc0)
 - default_methods:   Array<T>(0x000000012c03eb50)
 - default vtable indices:   Array<T>(0x000000012c03eb90)
 - local interfaces:  Array<T>(0x00000008005d76e0)
 - trans. interfaces: Array<T>(0x00000008008490e0)
 - constants:         constant pool [158] {0x000000012c0427a8} for 'warGame/Deck' cache=0x000000012c042d38
 - class loader data:  loader data: 0x0000600002330140 for instance a 'jdk/internal/loader/ClassLoaders$AppClassLoader'{0x0000000787f18730}
 - source file:       'Deck.java'
 - source debug extension:       SMAP
Deck.java
Java
*S jdt
*F
1 Deck.java
2 file:/Users/chelseaperrine/projects/Week6/Week6ProjectTry/bin/
*L
*E

 - class annotations:       Array<T>(0x0000000000000000)
 - class type annotations:  Array<T>(0x0000000000000000)
 - field annotations:       Array<T>(0x0000000000000000)
 - field type annotations:  Array<T>(0x0000000000000000)
 - generic signature: '
[error occurred during error reporting (printing register info), id 0xb, SIGSEGV (0xb) at pc=0x000000010cf998a2]

Registers:
RAX=0x000000012c0427a8, RBX=0x00000000009b009a, RCX=0x000000000000009c, RDX=0x0000000000000000
RSP=0x000000030af5fa80, RBP=0x000000030af5faa0, RSI=0x00007fe5277063af, RDI=0x00000000009b009a
R8 =0x0000000000000000, R9 =0x000000000000000c, R10=0x0000600003126138, R11=0x0000000000000000
R12=0x0000600001c2ced0, R13=0x0000000800c06108, R14=0x000000030af5fbd0, R15=0x000000030af5fb88
RIP=0x000000010cf980ad, EFLAGS=0x0000000000000207, ERR=0x0000000000000004
  TRAPNO=0x000000000000000e

Top of Stack: (sp=0x000000030af5fa80)
0x000000030af5fa80:   000000012c0427a8 0000000000000000
0x000000030af5fa90:   000000030af5fbd0 000000030af5fb88
0x000000030af5faa0:   000000030af5fb10 000000010cc157d3
0x000000030af5fab0:   00007fe527706390 00007fe527706768
0x000000030af5fac0:   0000000000000001 00000000000003d8
0x000000030af5fad0:   00007fe537704600 000000030af5fbd0
0x000000030af5fae0:   00007fe527706380 000000030af5fb88
0x000000030af5faf0:   00007fe537704600 00007fe539818200
0x000000030af5fb00:   0000000787b8e118 0000000000000015
0x000000030af5fb10:   000000030af5fb70 000000010cbd4c8a
0x000000030af5fb20:   00007fe539818200 0000000000000000
0x000000030af5fb30:   00007fe500000000 0000000000000000
0x000000030af5fb40:   000000030af5fbd0 000000030af5fc20
0x000000030af5fb50:   000000030af5fbc8 0000600001213d20
0x000000030af5fb60:   000000030af5fbd0 00007fe5377114d0
0x000000030af5fb70:   000000030af5fbb0 000000010b4ee74a
0x000000030af5fb80:   000000030af5fbb0 0000600001002a90
0x000000030af5fb90:   000000030af5fc20 000000010b4f9458
0x000000030af5fba0:   000000030af5fc78 00007fe5377114d0
0x000000030af5fbb0:   000000030af5fbf0 000000010b4c9983
0x000000030af5fbc0:   0000000000001eee 0000000000000000
0x000000030af5fbd0:   0000000000000000 000000010b4c9930
0x000000030af5fbe0:   000000030af5fc78 000000030af5fc20
0x000000030af5fbf0:   000000030af5fe30 000000010b4d4af0
0x000000030af5fc00:   00001eee00000013 000000010c0d0200
0x000000030af5fc10:   0000600001002cd0 00007ff81ef23414
0x000000030af5fc20:   0000600001002cd8 0000000000000000
0x000000030af5fc30:   00001eee00000013 000000010c0d0200
0x000000030af5fc40:   0000600001002cd0 0000600001213d20
0x000000030af5fc50:   000000010b4f1e48 000000010b4f2010
0x000000030af5fc60:   00001eee00000013 000000010c0d0200
0x000000030af5fc70:   0000600001002cd0 000000030af5fcc8 

Instructions: (pc=0x000000010cf980ad)
0x000000010cf97fad:   f7 d9 31 d2 66 2e 0f 1f 84 00 00 00 00 00 0f 1f
0x000000010cf97fbd:   44 00 00 0f 10 44 17 06 0f 10 4c 17 16 0f 11 04
0x000000010cf97fcd:   10 0f 11 4c 10 10 0f 10 44 17 26 0f 10 4c 17 36
0x000000010cf97fdd:   0f 11 44 10 20 0f 11 4c 10 30 0f 10 44 17 46 0f
0x000000010cf97fed:   10 4c 17 56 0f 11 44 10 40 0f 11 4c 10 50 0f 10
0x000000010cf97ffd:   44 17 66 0f 10 4c 17 76 0f 11 44 10 60 0f 11 4c
0x000000010cf9800d:   10 70 48 83 ea 80 48 83 c1 04 75 a7 4d 85 c0 74
0x000000010cf9801d:   3f 4c 8d 1c 02 49 83 c3 10 48 01 fa 48 83 c2 16
0x000000010cf9802d:   49 c1 e0 05 31 c9 66 2e 0f 1f 84 00 00 00 00 00
0x000000010cf9803d:   0f 1f 00 0f 10 44 0a f0 0f 10 0c 0a 41 0f 11 44
0x000000010cf9804d:   0b f0 41 0f 11 0c 0b 48 83 c1 20 49 39 c8 75 e3
0x000000010cf9805d:   4c 39 d6 0f 84 06 ff ff ff 41 f6 c2 18 0f 84 8f
0x000000010cf9806d:   fe ff ff 48 89 f1 44 89 d6 83 e6 f8 0f 1f 80 00
0x000000010cf9807d:   00 00 00 48 8b 54 0f 06 48 89 14 08 48 83 c1 08
0x000000010cf9808d:   48 39 ce 75 ee 4c 39 d6 0f 84 d1 fe ff ff e9 5f
0x000000010cf9809d:   fe ff ff 55 48 89 e5 41 57 41 56 53 50 48 89 fb
0x000000010cf980ad:   44 0f b7 7f 04 49 8d 7f 01 45 31 f6 31 f6 e8 50
0x000000010cf980bd:   d9 ed ff 0f b7 4b 04 41 39 cf 41 0f 42 cf 85 c9
0x000000010cf980cd:   0f 8e 89 00 00 00 41 89 ce 83 f9 08 72 1e 49 8d
0x000000010cf980dd:   14 1e 48 83 c2 06 48 39 d0 0f 83 80 00 00 00 4a
0x000000010cf980ed:   8d 14 30 48 8d 73 06 48 39 d6 73 73 31 c9 48 89
0x000000010cf980fd:   cf 48 f7 d7 4c 01 f7 4c 89 f6 48 83 e6 03 74 15
0x000000010cf9810d:   0f 1f 00 0f b6 54 0b 06 88 14 08 48 83 c1 01 48
0x000000010cf9811d:   83 c6 ff 75 ee 48 83 ff 03 72 34 0f 1f 84 00 00
0x000000010cf9812d:   00 00 00 0f b6 54 0b 06 88 14 08 0f b6 54 0b 07
0x000000010cf9813d:   88 54 08 01 0f b6 54 0b 08 88 54 08 02 0f b6 54
0x000000010cf9814d:   0b 09 88 54 08 03 48 83 c1 04 49 39 ce 75 d4 42
0x000000010cf9815d:   c6 04 30 00 48 83 c4 08 5b 41 5e 41 5f 5d c3 83
0x000000010cf9816d:   f9 20 73 07 31 c9 e9 e6 00 00 00 44 89 f1 83 e1
0x000000010cf9817d:   e0 48 8d 51 e0 48 89 d6 48 c1 ee 05 48 83 c6 01
0x000000010cf9818d:   41 89 f0 41 83 e0 03 48 83 fa 60 73 04 31 ff eb
0x000000010cf9819d:   6b 48 83 e6 fc 48 f7 de 31 ff 66 0f 1f 84 00 00 


Stack slot to memory mapping:
stack at sp + 0 slots: 0x000000012c0427a8 is pointing into metadata
stack at sp + 1 slots: 0x0 is NULL
stack at sp + 2 slots: 0x000000030af5fbd0 is pointing into the stack for thread: 0x00007fe539818200
stack at sp + 3 slots: 0x000000030af5fb88 is pointing into the stack for thread: 0x00007fe539818200
stack at sp + 4 slots: 0x000000030af5fb10 is pointing into the stack for thread: 0x00007fe539818200
stack at sp + 5 slots: 0x000000010cc157d3: _ZN8JvmtiEnv17GetClassSignatureEP7oopDescPPcS3_+0x103 in /Library/Java/JavaVirtualMachines/amazon-corretto-17.jdk/Contents/Home/lib/server/libjvm.dylib at 0x000000010c54b000
stack at sp + 6 slots: 0x00007fe527706390 points into unknown readable memory: 0x2f656d6147726177 | 77 61 72 47 61 6d 65 2f
stack at sp + 7 slots: 0x00007fe527706768 points into unknown readable memory: 0x0000000000000000 | 00 00 00 00 00 00 00 00


---------------  P R O C E S S  ---------------

Threads class SMR info:
_java_thread_list=0x000060000120c560, length=14, elements={
0x00007fe537818e00, 0x00007fe5378afc00, 0x00007fe5378b2400, 0x00007fe539816800,
0x00007fe53980cc00, 0x00007fe53980d200, 0x00007fe5378b1e00, 0x00007fe5378bb400,
0x00007fe538812800, 0x00007fe5378bc400, 0x00007fe539818200, 0x00007fe5378bca00,
0x00007fe539818800, 0x00007fe539838200
}

Java Threads: ( => current thread )
  0x00007fe537818e00 JavaThread "main" [_thread_blocked, id=8451, stack(0x0000000309d1f000,0x0000000309e1f000)]
  0x00007fe5378afc00 JavaThread "Reference Handler" daemon [_thread_blocked, id=43019, stack(0x000000030a434000,0x000000030a534000)]
  0x00007fe5378b2400 JavaThread "Finalizer" daemon [_thread_blocked, id=42499, stack(0x000000030a537000,0x000000030a637000)]
  0x00007fe539816800 JavaThread "Signal Dispatcher" daemon [_thread_blocked, id=24835, stack(0x000000030a74b000,0x000000030a84b000)]
  0x00007fe53980cc00 JavaThread "Service Thread" daemon [_thread_blocked, id=25091, stack(0x000000030a84e000,0x000000030a94e000)]
  0x00007fe53980d200 JavaThread "Monitor Deflation Thread" daemon [_thread_blocked, id=25347, stack(0x000000030a951000,0x000000030aa51000)]
  0x00007fe5378b1e00 JavaThread "C2 CompilerThread0" daemon [_thread_blocked, id=25603, stack(0x000000030aa54000,0x000000030ab54000)]
  0x00007fe5378bb400 JavaThread "C1 CompilerThread0" daemon [_thread_blocked, id=26115, stack(0x000000030ab57000,0x000000030ac57000)]
  0x00007fe538812800 JavaThread "Sweeper thread" daemon [_thread_blocked, id=26627, stack(0x000000030ac5a000,0x000000030ad5a000)]
  0x00007fe5378bc400 JavaThread "Common-Cleaner" daemon [_thread_blocked, id=27331, stack(0x000000030ad5d000,0x000000030ae5d000)]
=>0x00007fe539818200 JavaThread "JDWP Transport Listener: dt_socket" daemon [_thread_in_vm, id=38435, stack(0x000000030ae60000,0x000000030af60000)]
  0x00007fe5378bca00 JavaThread "JDWP Event Helper Thread" daemon [_thread_blocked, id=38147, stack(0x000000030af63000,0x000000030b063000)]
  0x00007fe539818800 JavaThread "JDWP Command Reader" daemon [_thread_in_native, id=37891, stack(0x000000030b066000,0x000000030b166000)]
  0x00007fe539838200 JavaThread "Notification Thread" daemon [_thread_blocked, id=29363, stack(0x000000030b169000,0x000000030b269000)]

Other Threads:
  0x00007fe53770e480 VMThread "VM Thread" [stack: 0x000000030a331000,0x000000030a431000] [id=43267]
  0x00007fe53810d460 WatcherThread [stack: 0x000000030b26c000,0x000000030b36c000] [id=37123]
  0x00007fe5377075d0 GCTaskThread "GC Thread#0" [stack: 0x0000000309e22000,0x0000000309f22000] [id=18435]
  0x00007fe537707c70 ConcurrentGCThread "G1 Main Marker" [stack: 0x0000000309f25000,0x000000030a025000] [id=13827]
  0x00007fe5377084f0 ConcurrentGCThread "G1 Conc#0" [stack: 0x000000030a028000,0x000000030a128000] [id=17923]
  0x00007fe53770ad50 ConcurrentGCThread "G1 Refine#0" [stack: 0x000000030a12b000,0x000000030a22b000] [id=17411]
  0x00007fe527704240 ConcurrentGCThread "G1 Service" [stack: 0x000000030a22e000,0x000000030a32e000] [id=16899]

Threads with active compile tasks:

VM state: not at safepoint (normal execution)

VM Mutex/Monitor currently owned by a thread: None

Heap address: 0x0000000780000000, size: 2048 MB, Compressed Oops mode: Zero based, Oop shift amount: 3

CDS archive(s) mapped at: [0x0000000800000000-0x0000000800bd2000-0x0000000800bd2000), size 12394496, SharedBaseAddress: 0x0000000800000000, ArchiveRelocationMode: 0.
Compressed class space mapped at: 0x0000000800c00000-0x0000000840c00000, reserved size: 1073741824
Narrow klass base: 0x0000000800000000, Narrow klass shift: 0, Narrow klass range: 0x100000000

GC Precious Log:
 CPUs: 8 total, 8 available
 Memory: 8192M
 Large Page Support: Disabled
 NUMA Support: Disabled
 Compressed Oops: Enabled (Zero based)
 Heap Region Size: 1M
 Heap Min Capacity: 8M
 Heap Initial Capacity: 128M
 Heap Max Capacity: 2G
 Pre-touch: Disabled
 Parallel Workers: 8
 Concurrent Workers: 2
 Concurrent Refinement Workers: 8
 Periodic GC: Disabled

Heap:
 garbage-first heap   total 133120K, used 5076K [0x0000000780000000, 0x0000000800000000)
  region size 1024K, 5 young (5120K), 0 survivors (0K)
 Metaspace       used 3022K, committed 3200K, reserved 1056768K
  class space    used 298K, committed 384K, reserved 1048576K

Heap Regions: E=young(eden), S=young(survivor), O=old, HS=humongous(starts), HC=humongous(continues), CS=collection set, F=free, OA=open archive, CA=closed archive, TAMS=top-at-mark-start (previous, next)
|   0|0x0000000780000000, 0x0000000780000000, 0x0000000780100000|  0%| F|  |TAMS 0x0000000780000000, 0x0000000780000000| Untracked 
|   1|0x0000000780100000, 0x0000000780100000, 0x0000000780200000|  0%| F|  |TAMS 0x0000000780100000, 0x0000000780100000| Untracked 
|   2|0x0000000780200000, 0x0000000780200000, 0x0000000780300000|  0%| F|  |TAMS 0x0000000780200000, 0x0000000780200000| Untracked 
|   3|0x0000000780300000, 0x0000000780300000, 0x0000000780400000|  0%| F|  |TAMS 0x0000000780300000, 0x0000000780300000| Untracked 
|   4|0x0000000780400000, 0x0000000780400000, 0x0000000780500000|  0%| F|  |TAMS 0x0000000780400000, 0x0000000780400000| Untracked 
|   5|0x0000000780500000, 0x0000000780500000, 0x0000000780600000|  0%| F|  |TAMS 0x0000000780500000, 0x0000000780500000| Untracked 
|   6|0x0000000780600000, 0x0000000780600000, 0x0000000780700000|  0%| F|  |TAMS 0x0000000780600000, 0x0000000780600000| Untracked 
|   7|0x0000000780700000, 0x0000000780700000, 0x0000000780800000|  0%| F|  |TAMS 0x0000000780700000, 0x0000000780700000| Untracked 
|   8|0x0000000780800000, 0x0000000780800000, 0x0000000780900000|  0%| F|  |TAMS 0x0000000780800000, 0x0000000780800000| Untracked 
|   9|0x0000000780900000, 0x0000000780900000, 0x0000000780a00000|  0%| F|  |TAMS 0x0000000780900000, 0x0000000780900000| Untracked 
|  10|0x0000000780a00000, 0x0000000780a00000, 0x0000000780b00000|  0%| F|  |TAMS 0x0000000780a00000, 0x0000000780a00000| Untracked 
|  11|0x0000000780b00000, 0x0000000780b00000, 0x0000000780c00000|  0%| F|  |TAMS 0x0000000780b00000, 0x0000000780b00000| Untracked 
|  12|0x0000000780c00000, 0x0000000780c00000, 0x0000000780d00000|  0%| F|  |TAMS 0x0000000780c00000, 0x0000000780c00000| Untracked 
|  13|0x0000000780d00000, 0x0000000780d00000, 0x0000000780e00000|  0%| F|  |TAMS 0x0000000780d00000, 0x0000000780d00000| Untracked 
|  14|0x0000000780e00000, 0x0000000780e00000, 0x0000000780f00000|  0%| F|  |TAMS 0x0000000780e00000, 0x0000000780e00000| Untracked 
|  15|0x0000000780f00000, 0x0000000780f00000, 0x0000000781000000|  0%| F|  |TAMS 0x0000000780f00000, 0x0000000780f00000| Untracked 
|  16|0x0000000781000000, 0x0000000781000000, 0x0000000781100000|  0%| F|  |TAMS 0x0000000781000000, 0x0000000781000000| Untracked 
|  17|0x0000000781100000, 0x0000000781100000, 0x0000000781200000|  0%| F|  |TAMS 0x0000000781100000, 0x0000000781100000| Untracked 
|  18|0x0000000781200000, 0x0000000781200000, 0x0000000781300000|  0%| F|  |TAMS 0x0000000781200000, 0x0000000781200000| Untracked 
|  19|0x0000000781300000, 0x0000000781300000, 0x0000000781400000|  0%| F|  |TAMS 0x0000000781300000, 0x0000000781300000| Untracked 
|  20|0x0000000781400000, 0x0000000781400000, 0x0000000781500000|  0%| F|  |TAMS 0x0000000781400000, 0x0000000781400000| Untracked 
|  21|0x0000000781500000, 0x0000000781500000, 0x0000000781600000|  0%| F|  |TAMS 0x0000000781500000, 0x0000000781500000| Untracked 
|  22|0x0000000781600000, 0x0000000781600000, 0x0000000781700000|  0%| F|  |TAMS 0x0000000781600000, 0x0000000781600000| Untracked 
|  23|0x0000000781700000, 0x0000000781700000, 0x0000000781800000|  0%| F|  |TAMS 0x0000000781700000, 0x0000000781700000| Untracked 
|  24|0x0000000781800000, 0x0000000781800000, 0x0000000781900000|  0%| F|  |TAMS 0x0000000781800000, 0x0000000781800000| Untracked 
|  25|0x0000000781900000, 0x0000000781900000, 0x0000000781a00000|  0%| F|  |TAMS 0x0000000781900000, 0x0000000781900000| Untracked 
|  26|0x0000000781a00000, 0x0000000781a00000, 0x0000000781b00000|  0%| F|  |TAMS 0x0000000781a00000, 0x0000000781a00000| Untracked 
|  27|0x0000000781b00000, 0x0000000781b00000, 0x0000000781c00000|  0%| F|  |TAMS 0x0000000781b00000, 0x0000000781b00000| Untracked 
|  28|0x0000000781c00000, 0x0000000781c00000, 0x0000000781d00000|  0%| F|  |TAMS 0x0000000781c00000, 0x0000000781c00000| Untracked 
|  29|0x0000000781d00000, 0x0000000781d00000, 0x0000000781e00000|  0%| F|  |TAMS 0x0000000781d00000, 0x0000000781d00000| Untracked 
|  30|0x0000000781e00000, 0x0000000781e00000, 0x0000000781f00000|  0%| F|  |TAMS 0x0000000781e00000, 0x0000000781e00000| Untracked 
|  31|0x0000000781f00000, 0x0000000781f00000, 0x0000000782000000|  0%| F|  |TAMS 0x0000000781f00000, 0x0000000781f00000| Untracked 
|  32|0x0000000782000000, 0x0000000782000000, 0x0000000782100000|  0%| F|  |TAMS 0x0000000782000000, 0x0000000782000000| Untracked 
|  33|0x0000000782100000, 0x0000000782100000, 0x0000000782200000|  0%| F|  |TAMS 0x0000000782100000, 0x0000000782100000| Untracked 
|  34|0x0000000782200000, 0x0000000782200000, 0x0000000782300000|  0%| F|  |TAMS 0x0000000782200000, 0x0000000782200000| Untracked 
|  35|0x0000000782300000, 0x0000000782300000, 0x0000000782400000|  0%| F|  |TAMS 0x0000000782300000, 0x0000000782300000| Untracked 
|  36|0x0000000782400000, 0x0000000782400000, 0x0000000782500000|  0%| F|  |TAMS 0x0000000782400000, 0x0000000782400000| Untracked 
|  37|0x0000000782500000, 0x0000000782500000, 0x0000000782600000|  0%| F|  |TAMS 0x0000000782500000, 0x0000000782500000| Untracked 
|  38|0x0000000782600000, 0x0000000782600000, 0x0000000782700000|  0%| F|  |TAMS 0x0000000782600000, 0x0000000782600000| Untracked 
|  39|0x0000000782700000, 0x0000000782700000, 0x0000000782800000|  0%| F|  |TAMS 0x0000000782700000, 0x0000000782700000| Untracked 
|  40|0x0000000782800000, 0x0000000782800000, 0x0000000782900000|  0%| F|  |TAMS 0x0000000782800000, 0x0000000782800000| Untracked 
|  41|0x0000000782900000, 0x0000000782900000, 0x0000000782a00000|  0%| F|  |TAMS 0x0000000782900000, 0x0000000782900000| Untracked 
|  42|0x0000000782a00000, 0x0000000782a00000, 0x0000000782b00000|  0%| F|  |TAMS 0x0000000782a00000, 0x0000000782a00000| Untracked 
|  43|0x0000000782b00000, 0x0000000782b00000, 0x0000000782c00000|  0%| F|  |TAMS 0x0000000782b00000, 0x0000000782b00000| Untracked 
|  44|0x0000000782c00000, 0x0000000782c00000, 0x0000000782d00000|  0%| F|  |TAMS 0x0000000782c00000, 0x0000000782c00000| Untracked 
|  45|0x0000000782d00000, 0x0000000782d00000, 0x0000000782e00000|  0%| F|  |TAMS 0x0000000782d00000, 0x0000000782d00000| Untracked 
|  46|0x0000000782e00000, 0x0000000782e00000, 0x0000000782f00000|  0%| F|  |TAMS 0x0000000782e00000, 0x0000000782e00000| Untracked 
|  47|0x0000000782f00000, 0x0000000782f00000, 0x0000000783000000|  0%| F|  |TAMS 0x0000000782f00000, 0x0000000782f00000| Untracked 
|  48|0x0000000783000000, 0x0000000783000000, 0x0000000783100000|  0%| F|  |TAMS 0x0000000783000000, 0x0000000783000000| Untracked 
|  49|0x0000000783100000, 0x0000000783100000, 0x0000000783200000|  0%| F|  |TAMS 0x0000000783100000, 0x0000000783100000| Untracked 
|  50|0x0000000783200000, 0x0000000783200000, 0x0000000783300000|  0%| F|  |TAMS 0x0000000783200000, 0x0000000783200000| Untracked 
|  51|0x0000000783300000, 0x0000000783300000, 0x0000000783400000|  0%| F|  |TAMS 0x0000000783300000, 0x0000000783300000| Untracked 
|  52|0x0000000783400000, 0x0000000783400000, 0x0000000783500000|  0%| F|  |TAMS 0x0000000783400000, 0x0000000783400000| Untracked 
|  53|0x0000000783500000, 0x0000000783500000, 0x0000000783600000|  0%| F|  |TAMS 0x0000000783500000, 0x0000000783500000| Untracked 
|  54|0x0000000783600000, 0x0000000783600000, 0x0000000783700000|  0%| F|  |TAMS 0x0000000783600000, 0x0000000783600000| Untracked 
|  55|0x0000000783700000, 0x0000000783700000, 0x0000000783800000|  0%| F|  |TAMS 0x0000000783700000, 0x0000000783700000| Untracked 
|  56|0x0000000783800000, 0x0000000783800000, 0x0000000783900000|  0%| F|  |TAMS 0x0000000783800000, 0x0000000783800000| Untracked 
|  57|0x0000000783900000, 0x0000000783900000, 0x0000000783a00000|  0%| F|  |TAMS 0x0000000783900000, 0x0000000783900000| Untracked 
|  58|0x0000000783a00000, 0x0000000783a00000, 0x0000000783b00000|  0%| F|  |TAMS 0x0000000783a00000, 0x0000000783a00000| Untracked 
|  59|0x0000000783b00000, 0x0000000783b00000, 0x0000000783c00000|  0%| F|  |TAMS 0x0000000783b00000, 0x0000000783b00000| Untracked 
|  60|0x0000000783c00000, 0x0000000783c00000, 0x0000000783d00000|  0%| F|  |TAMS 0x0000000783c00000, 0x0000000783c00000| Untracked 
|  61|0x0000000783d00000, 0x0000000783d00000, 0x0000000783e00000|  0%| F|  |TAMS 0x0000000783d00000, 0x0000000783d00000| Untracked 
|  62|0x0000000783e00000, 0x0000000783e00000, 0x0000000783f00000|  0%| F|  |TAMS 0x0000000783e00000, 0x0000000783e00000| Untracked 
|  63|0x0000000783f00000, 0x0000000783f00000, 0x0000000784000000|  0%| F|  |TAMS 0x0000000783f00000, 0x0000000783f00000| Untracked 
|  64|0x0000000784000000, 0x0000000784000000, 0x0000000784100000|  0%| F|  |TAMS 0x0000000784000000, 0x0000000784000000| Untracked 
|  65|0x0000000784100000, 0x0000000784100000, 0x0000000784200000|  0%| F|  |TAMS 0x0000000784100000, 0x0000000784100000| Untracked 
|  66|0x0000000784200000, 0x0000000784200000, 0x0000000784300000|  0%| F|  |TAMS 0x0000000784200000, 0x0000000784200000| Untracked 
|  67|0x0000000784300000, 0x0000000784300000, 0x0000000784400000|  0%| F|  |TAMS 0x0000000784300000, 0x0000000784300000| Untracked 
|  68|0x0000000784400000, 0x0000000784400000, 0x0000000784500000|  0%| F|  |TAMS 0x0000000784400000, 0x0000000784400000| Untracked 
|  69|0x0000000784500000, 0x0000000784500000, 0x0000000784600000|  0%| F|  |TAMS 0x0000000784500000, 0x0000000784500000| Untracked 
|  70|0x0000000784600000, 0x0000000784600000, 0x0000000784700000|  0%| F|  |TAMS 0x0000000784600000, 0x0000000784600000| Untracked 
|  71|0x0000000784700000, 0x0000000784700000, 0x0000000784800000|  0%| F|  |TAMS 0x0000000784700000, 0x0000000784700000| Untracked 
|  72|0x0000000784800000, 0x0000000784800000, 0x0000000784900000|  0%| F|  |TAMS 0x0000000784800000, 0x0000000784800000| Untracked 
|  73|0x0000000784900000, 0x0000000784900000, 0x0000000784a00000|  0%| F|  |TAMS 0x0000000784900000, 0x0000000784900000| Untracked 
|  74|0x0000000784a00000, 0x0000000784a00000, 0x0000000784b00000|  0%| F|  |TAMS 0x0000000784a00000, 0x0000000784a00000| Untracked 
|  75|0x0000000784b00000, 0x0000000784b00000, 0x0000000784c00000|  0%| F|  |TAMS 0x0000000784b00000, 0x0000000784b00000| Untracked 
|  76|0x0000000784c00000, 0x0000000784c00000, 0x0000000784d00000|  0%| F|  |TAMS 0x0000000784c00000, 0x0000000784c00000| Untracked 
|  77|0x0000000784d00000, 0x0000000784d00000, 0x0000000784e00000|  0%| F|  |TAMS 0x0000000784d00000, 0x0000000784d00000| Untracked 
|  78|0x0000000784e00000, 0x0000000784e00000, 0x0000000784f00000|  0%| F|  |TAMS 0x0000000784e00000, 0x0000000784e00000| Untracked 
|  79|0x0000000784f00000, 0x0000000784f00000, 0x0000000785000000|  0%| F|  |TAMS 0x0000000784f00000, 0x0000000784f00000| Untracked 
|  80|0x0000000785000000, 0x0000000785000000, 0x0000000785100000|  0%| F|  |TAMS 0x0000000785000000, 0x0000000785000000| Untracked 
|  81|0x0000000785100000, 0x0000000785100000, 0x0000000785200000|  0%| F|  |TAMS 0x0000000785100000, 0x0000000785100000| Untracked 
|  82|0x0000000785200000, 0x0000000785200000, 0x0000000785300000|  0%| F|  |TAMS 0x0000000785200000, 0x0000000785200000| Untracked 
|  83|0x0000000785300000, 0x0000000785300000, 0x0000000785400000|  0%| F|  |TAMS 0x0000000785300000, 0x0000000785300000| Untracked 
|  84|0x0000000785400000, 0x0000000785400000, 0x0000000785500000|  0%| F|  |TAMS 0x0000000785400000, 0x0000000785400000| Untracked 
|  85|0x0000000785500000, 0x0000000785500000, 0x0000000785600000|  0%| F|  |TAMS 0x0000000785500000, 0x0000000785500000| Untracked 
|  86|0x0000000785600000, 0x0000000785600000, 0x0000000785700000|  0%| F|  |TAMS 0x0000000785600000, 0x0000000785600000| Untracked 
|  87|0x0000000785700000, 0x0000000785700000, 0x0000000785800000|  0%| F|  |TAMS 0x0000000785700000, 0x0000000785700000| Untracked 
|  88|0x0000000785800000, 0x0000000785800000, 0x0000000785900000|  0%| F|  |TAMS 0x0000000785800000, 0x0000000785800000| Untracked 
|  89|0x0000000785900000, 0x0000000785900000, 0x0000000785a00000|  0%| F|  |TAMS 0x0000000785900000, 0x0000000785900000| Untracked 
|  90|0x0000000785a00000, 0x0000000785a00000, 0x0000000785b00000|  0%| F|  |TAMS 0x0000000785a00000, 0x0000000785a00000| Untracked 
|  91|0x0000000785b00000, 0x0000000785b00000, 0x0000000785c00000|  0%| F|  |TAMS 0x0000000785b00000, 0x0000000785b00000| Untracked 
|  92|0x0000000785c00000, 0x0000000785c00000, 0x0000000785d00000|  0%| F|  |TAMS 0x0000000785c00000, 0x0000000785c00000| Untracked 
|  93|0x0000000785d00000, 0x0000000785d00000, 0x0000000785e00000|  0%| F|  |TAMS 0x0000000785d00000, 0x0000000785d00000| Untracked 
|  94|0x0000000785e00000, 0x0000000785e00000, 0x0000000785f00000|  0%| F|  |TAMS 0x0000000785e00000, 0x0000000785e00000| Untracked 
|  95|0x0000000785f00000, 0x0000000785f00000, 0x0000000786000000|  0%| F|  |TAMS 0x0000000785f00000, 0x0000000785f00000| Untracked 
|  96|0x0000000786000000, 0x0000000786000000, 0x0000000786100000|  0%| F|  |TAMS 0x0000000786000000, 0x0000000786000000| Untracked 
|  97|0x0000000786100000, 0x0000000786100000, 0x0000000786200000|  0%| F|  |TAMS 0x0000000786100000, 0x0000000786100000| Untracked 
|  98|0x0000000786200000, 0x0000000786200000, 0x0000000786300000|  0%| F|  |TAMS 0x0000000786200000, 0x0000000786200000| Untracked 
|  99|0x0000000786300000, 0x0000000786300000, 0x0000000786400000|  0%| F|  |TAMS 0x0000000786300000, 0x0000000786300000| Untracked 
| 100|0x0000000786400000, 0x0000000786400000, 0x0000000786500000|  0%| F|  |TAMS 0x0000000786400000, 0x0000000786400000| Untracked 
| 101|0x0000000786500000, 0x0000000786500000, 0x0000000786600000|  0%| F|  |TAMS 0x0000000786500000, 0x0000000786500000| Untracked 
| 102|0x0000000786600000, 0x0000000786600000, 0x0000000786700000|  0%| F|  |TAMS 0x0000000786600000, 0x0000000786600000| Untracked 
| 103|0x0000000786700000, 0x0000000786700000, 0x0000000786800000|  0%| F|  |TAMS 0x0000000786700000, 0x0000000786700000| Untracked 
| 104|0x0000000786800000, 0x0000000786800000, 0x0000000786900000|  0%| F|  |TAMS 0x0000000786800000, 0x0000000786800000| Untracked 
| 105|0x0000000786900000, 0x0000000786900000, 0x0000000786a00000|  0%| F|  |TAMS 0x0000000786900000, 0x0000000786900000| Untracked 
| 106|0x0000000786a00000, 0x0000000786a00000, 0x0000000786b00000|  0%| F|  |TAMS 0x0000000786a00000, 0x0000000786a00000| Untracked 
| 107|0x0000000786b00000, 0x0000000786b00000, 0x0000000786c00000|  0%| F|  |TAMS 0x0000000786b00000, 0x0000000786b00000| Untracked 
| 108|0x0000000786c00000, 0x0000000786c00000, 0x0000000786d00000|  0%| F|  |TAMS 0x0000000786c00000, 0x0000000786c00000| Untracked 
| 109|0x0000000786d00000, 0x0000000786d00000, 0x0000000786e00000|  0%| F|  |TAMS 0x0000000786d00000, 0x0000000786d00000| Untracked 
| 110|0x0000000786e00000, 0x0000000786e00000, 0x0000000786f00000|  0%| F|  |TAMS 0x0000000786e00000, 0x0000000786e00000| Untracked 
| 111|0x0000000786f00000, 0x0000000786f00000, 0x0000000787000000|  0%| F|  |TAMS 0x0000000786f00000, 0x0000000786f00000| Untracked 
| 112|0x0000000787000000, 0x0000000787000000, 0x0000000787100000|  0%| F|  |TAMS 0x0000000787000000, 0x0000000787000000| Untracked 
| 113|0x0000000787100000, 0x0000000787100000, 0x0000000787200000|  0%| F|  |TAMS 0x0000000787100000, 0x0000000787100000| Untracked 
| 114|0x0000000787200000, 0x0000000787200000, 0x0000000787300000|  0%| F|  |TAMS 0x0000000787200000, 0x0000000787200000| Untracked 
| 115|0x0000000787300000, 0x0000000787300000, 0x0000000787400000|  0%| F|  |TAMS 0x0000000787300000, 0x0000000787300000| Untracked 
| 116|0x0000000787400000, 0x0000000787400000, 0x0000000787500000|  0%| F|  |TAMS 0x0000000787400000, 0x0000000787400000| Untracked 
| 117|0x0000000787500000, 0x0000000787500000, 0x0000000787600000|  0%| F|  |TAMS 0x0000000787500000, 0x0000000787500000| Untracked 
| 118|0x0000000787600000, 0x0000000787600000, 0x0000000787700000|  0%| F|  |TAMS 0x0000000787600000, 0x0000000787600000| Untracked 
| 119|0x0000000787700000, 0x0000000787700000, 0x0000000787800000|  0%| F|  |TAMS 0x0000000787700000, 0x0000000787700000| Untracked 
| 120|0x0000000787800000, 0x0000000787800000, 0x0000000787900000|  0%| F|  |TAMS 0x0000000787800000, 0x0000000787800000| Untracked 
| 121|0x0000000787900000, 0x0000000787900000, 0x0000000787a00000|  0%| F|  |TAMS 0x0000000787900000, 0x0000000787900000| Untracked 
| 122|0x0000000787a00000, 0x0000000787a00000, 0x0000000787b00000|  0%| F|  |TAMS 0x0000000787a00000, 0x0000000787a00000| Untracked 
| 123|0x0000000787b00000, 0x0000000787bec540, 0x0000000787c00000| 92%| E|  |TAMS 0x0000000787b00000, 0x0000000787b00000| Complete 
| 124|0x0000000787c00000, 0x0000000787d00000, 0x0000000787d00000|100%| E|CS|TAMS 0x0000000787c00000, 0x0000000787c00000| Complete 
| 125|0x0000000787d00000, 0x0000000787e00000, 0x0000000787e00000|100%| E|CS|TAMS 0x0000000787d00000, 0x0000000787d00000| Complete 
| 126|0x0000000787e00000, 0x0000000787f00000, 0x0000000787f00000|100%| E|CS|TAMS 0x0000000787e00000, 0x0000000787e00000| Complete 
| 127|0x0000000787f00000, 0x0000000788000000, 0x0000000788000000|100%| E|CS|TAMS 0x0000000787f00000, 0x0000000787f00000| Complete 
|2046|0x00000007ffe00000, 0x00000007ffe76000, 0x00000007fff00000| 46%|OA|  |TAMS 0x00000007ffe00000, 0x00000007ffe00000| Untracked 
|2047|0x00000007fff00000, 0x00000007fff7f000, 0x0000000800000000| 49%|CA|  |TAMS 0x00000007fff00000, 0x00000007fff00000| Untracked 

Card table byte_map: [0x000000010bbee000,0x000000010bfee000] _byte_map_base: 0x0000000107fee000

Marking Bits (Prev, Next): (CMBitMap*) 0x00007fe537815a10, (CMBitMap*) 0x00007fe537815a50
 Prev Bits: [0x00000001259b6000, 0x00000001279b6000)
 Next Bits: [0x00000001279b6000, 0x00000001299b6000)

Polling page: 0x0000000102d8d000

Metaspace:

Usage:
  Non-class:      2.66 MB used.
      Class:    298.57 KB used.
       Both:      2.95 MB used.

Virtual space:
  Non-class space:        8.00 MB reserved,       2.75 MB ( 34%) committed,  1 nodes.
      Class space:        1.00 GB reserved,     384.00 KB ( <1%) committed,  1 nodes.
             Both:        1.01 GB reserved,       3.12 MB ( <1%) committed. 

Chunk freelists:
   Non-Class:  3.73 MB
       Class:  3.59 MB
        Both:  7.33 MB

MaxMetaspaceSize: unlimited
CompressedClassSpaceSize: 1.00 GB
Initial GC threshold: 21.00 MB
Current GC threshold: 21.00 MB
CDS: on
MetaspaceReclaimPolicy: balanced
 - commit_granule_bytes: 65536.
 - commit_granule_words: 8192.
 - virtual_space_node_default_size: 1048576.
 - enlarge_chunks_in_place: 1.
 - new_chunks_are_fully_committed: 0.
 - uncommit_free_chunks: 1.
 - use_allocation_guard: 0.
 - handle_deallocations: 1.


Internal statistics:

num_allocs_failed_limit: 0.
num_arena_births: 12.
num_arena_deaths: 0.
num_vsnodes_births: 2.
num_vsnodes_deaths: 0.
num_space_committed: 50.
num_space_uncommitted: 0.
num_chunks_returned_to_freelist: 0.
num_chunks_taken_from_freelist: 32.
num_chunk_merges: 0.
num_chunk_splits: 19.
num_chunks_enlarged: 15.
num_purges: 0.
num_inconsistent_stats: 0.

CodeHeap 'non-profiled nmethods': size=120028Kb used=111Kb max_used=111Kb free=119916Kb
 bounds [0x000000011e47f000, 0x000000011e6ef000, 0x00000001259b6000]
CodeHeap 'profiled nmethods': size=120028Kb used=577Kb max_used=577Kb free=119450Kb
 bounds [0x0000000116f48000, 0x00000001171b8000, 0x000000011e47f000]
CodeHeap 'non-nmethods': size=5704Kb used=1178Kb max_used=1194Kb free=4525Kb
 bounds [0x00000001169b6000, 0x0000000116c26000, 0x0000000116f48000]
 total_blobs=777 nmethods=366 adapters=326
 compilation: enabled
              stopped_count=0, restarted_count=0
 full_count=0

Compilation events (20 events):
Event: 1777.433 Thread 0x00007fe5378bb400  357       3       org.eclipse.jdt.launching.internal.org.objectweb.asm.SymbolTable::hash (10 bytes)
Event: 1777.434 Thread 0x00007fe5378b1e00  363       4       org.eclipse.jdt.launching.internal.org.objectweb.asm.ClassReader::readUnsignedShort (26 bytes)
Event: 1777.434 Thread 0x00007fe5378bb400 nmethod 357 0x0000000116fd5410 code [0x0000000116fd55c0, 0x0000000116fd5700]
Event: 1777.434 Thread 0x00007fe5378bb400  359       3       org.eclipse.jdt.launching.internal.org.objectweb.asm.ClassReader::readUtf (161 bytes)
Event: 1777.436 Thread 0x00007fe5378bb400 nmethod 359 0x0000000116fd5810 code [0x0000000116fd59e0, 0x0000000116fd5ea0]
Event: 1777.436 Thread 0x00007fe5378bb400  362       3       org.eclipse.jdt.launching.internal.org.objectweb.asm.ClassReader::readUtf (44 bytes)
Event: 1777.439 Thread 0x00007fe5378bb400 nmethod 362 0x0000000116fd6190 code [0x0000000116fd6360, 0x0000000116fd6770]
Event: 1777.439 Thread 0x00007fe5378bb400  358       3       org.eclipse.jdt.launching.internal.org.objectweb.asm.ClassReader::getItem (7 bytes)
Event: 1777.439 Thread 0x00007fe5378bb400 nmethod 358 0x0000000116fd6910 code [0x0000000116fd6aa0, 0x0000000116fd6bd0]
Event: 1777.439 Thread 0x00007fe5378bb400  361       3       org.eclipse.jdt.launching.internal.org.objectweb.asm.ClassReader::readUTF8 (23 bytes)
Event: 1777.439 Thread 0x00007fe5378bb400 nmethod 361 0x0000000116fd6c90 code [0x0000000116fd6e60, 0x0000000116fd70b0]
Event: 1777.439 Thread 0x00007fe5378bb400  360       3       java.lang.StringUTF16::compress (20 bytes)
Event: 1777.439 Thread 0x00007fe5378bb400 nmethod 360 0x0000000116fd7190 code [0x0000000116fd7340, 0x0000000116fd75a0]
Event: 1777.439 Thread 0x00007fe5378bb400  364       3       org.eclipse.jdt.launching.internal.org.objectweb.asm.Symbol::<init> (38 bytes)
Event: 1777.440 Thread 0x00007fe5378bb400 nmethod 364 0x0000000116fd7690 code [0x0000000116fd7840, 0x0000000116fd7af0]
Event: 1777.440 Thread 0x00007fe5378bb400  365       3       org.eclipse.jdt.launching.internal.org.objectweb.asm.SymbolTable::add (39 bytes)
Event: 1777.440 Thread 0x00007fe5378bb400 nmethod 365 0x0000000116fd7c10 code [0x0000000116fd7dc0, 0x0000000116fd8130]
Event: 1777.441 Thread 0x00007fe5378b1e00 nmethod 363 0x000000011e49ab10 code [0x000000011e49aca0, 0x000000011e49ad98]
Event: 2172.961 Thread 0x00007fe5378bb400  366       3       org.eclipse.jdt.launching.internal.org.objectweb.asm.SymbolTable$Entry::<init> (17 bytes)
Event: 2172.962 Thread 0x00007fe5378bb400 nmethod 366 0x0000000116fd8290 code [0x0000000116fd8440, 0x0000000116fd85e0]

GC Heap History (0 events):
No events

Deoptimization events (20 events):
Event: 0.631 Thread 0x00007fe537818e00 DEOPT PACKING pc=0x0000000116fb817c sp=0x0000000309e1c1e0
Event: 0.631 Thread 0x00007fe537818e00 DEOPT UNPACKING pc=0x0000000116a08810 sp=0x0000000309e1b668 mode 0
Event: 0.631 Thread 0x00007fe537818e00 DEOPT PACKING pc=0x0000000116fb817c sp=0x0000000309e1c1e0
Event: 0.631 Thread 0x00007fe537818e00 DEOPT UNPACKING pc=0x0000000116a08810 sp=0x0000000309e1b668 mode 0
Event: 0.632 Thread 0x00007fe537818e00 DEOPT PACKING pc=0x0000000116fb817c sp=0x0000000309e1aaa0
Event: 0.632 Thread 0x00007fe537818e00 DEOPT UNPACKING pc=0x0000000116a08810 sp=0x0000000309e19f28 mode 0
Event: 0.634 Thread 0x00007fe537818e00 DEOPT PACKING pc=0x0000000116fb817c sp=0x0000000309e1c110
Event: 0.634 Thread 0x00007fe537818e00 DEOPT UNPACKING pc=0x0000000116a08810 sp=0x0000000309e1b598 mode 0
Event: 0.635 Thread 0x00007fe537818e00 DEOPT PACKING pc=0x0000000116fb80a4 sp=0x0000000309e1c1d0
Event: 0.635 Thread 0x00007fe537818e00 DEOPT UNPACKING pc=0x0000000116a08810 sp=0x0000000309e1b658 mode 0
Event: 0.639 Thread 0x00007fe537818e00 DEOPT PACKING pc=0x0000000116fb80a4 sp=0x0000000309e1a720
Event: 0.639 Thread 0x00007fe537818e00 DEOPT UNPACKING pc=0x0000000116a08810 sp=0x0000000309e19ba8 mode 0
Event: 0.639 Thread 0x00007fe537818e00 DEOPT PACKING pc=0x0000000116fb80a4 sp=0x0000000309e1a720
Event: 0.639 Thread 0x00007fe537818e00 DEOPT UNPACKING pc=0x0000000116a08810 sp=0x0000000309e19ba8 mode 0
Event: 0.639 Thread 0x00007fe537818e00 DEOPT PACKING pc=0x0000000116fb80a4 sp=0x0000000309e1a720
Event: 0.639 Thread 0x00007fe537818e00 DEOPT UNPACKING pc=0x0000000116a08810 sp=0x0000000309e19ba8 mode 0
Event: 0.639 Thread 0x00007fe537818e00 DEOPT PACKING pc=0x0000000116fb817c sp=0x0000000309e1a720
Event: 0.639 Thread 0x00007fe537818e00 DEOPT UNPACKING pc=0x0000000116a08810 sp=0x0000000309e19ba8 mode 0
Event: 0.640 Thread 0x00007fe537818e00 DEOPT PACKING pc=0x0000000116fb817c sp=0x0000000309e1a720
Event: 0.640 Thread 0x00007fe537818e00 DEOPT UNPACKING pc=0x0000000116a08810 sp=0x0000000309e19ba8 mode 0

Classes unloaded (0 events):
No events

Classes redefined (2 events):
Event: 1777.444 Thread 0x00007fe53770e480 redefined class name=warGame.App, count=1
Event: 2172.964 Thread 0x00007fe53770e480 redefined class name=warGame.Deck, count=1

Internal exceptions (1 events):
Event: 0.223 Thread 0x00007fe537818e00 Exception <a 'java/lang/NoSuchMethodError'{0x0000000787f5f4d0}: 'void java.lang.invoke.DirectMethodHandle$Holder.invokeVirtual(java.lang.Object, java.lang.Object)'> (0x0000000787f5f4d0) 
thrown [src/hotspot/share/interpreter/linkResolver.cpp, line 766]

VM Operations (20 events):
Event: 1777.514 Executing VM operation: ChangeBreakpoints
Event: 1777.514 Executing VM operation: ChangeBreakpoints done
Event: 1777.525 Executing VM operation: ChangeBreakpoints
Event: 1777.525 Executing VM operation: ChangeBreakpoints done
Event: 1777.642 Executing VM operation: get/set locals
Event: 1777.642 Executing VM operation: get/set locals done
Event: 1777.643 Executing VM operation: get/set locals
Event: 1777.643 Executing VM operation: get/set locals done
Event: 2172.952 Executing VM operation: ChangeSingleStep
Event: 2172.952 Executing VM operation: ChangeSingleStep done
Event: 2172.952 Executing VM operation: ChangeSingleStep
Event: 2172.952 Executing VM operation: ChangeSingleStep done
Event: 2172.963 Executing VM operation: RedefineClasses
Event: 2172.966 Executing VM operation: RedefineClasses done
Event: 2172.969 Executing VM operation: ChangeSingleStep
Event: 2172.969 Executing VM operation: ChangeSingleStep done
Event: 2172.970 Executing VM operation: get/set locals
Event: 2172.970 Executing VM operation: get/set locals done
Event: 2172.973 Executing VM operation: ChangeSingleStep
Event: 2172.973 Executing VM operation: ChangeSingleStep done

Events (20 events):
Event: 0.623 loading class jdk/internal/reflect/Label$PatchInfo
Event: 0.623 loading class jdk/internal/reflect/Label$PatchInfo done
Event: 0.624 loading class jdk/internal/reflect/MethodAccessorGenerator$1
Event: 0.624 loading class jdk/internal/reflect/MethodAccessorGenerator$1 done
Event: 0.624 loading class jdk/internal/reflect/ClassDefiner
Event: 0.624 loading class jdk/internal/reflect/ClassDefiner done
Event: 0.624 loading class jdk/internal/reflect/ClassDefiner$1
Event: 0.624 loading class jdk/internal/reflect/ClassDefiner$1 done
Event: 0.624 loading class jdk/internal/reflect/BootstrapConstructorAccessorImpl
Event: 0.624 loading class jdk/internal/reflect/BootstrapConstructorAccessorImpl done
Event: 0.640 loading class java/lang/IllegalStateException
Event: 0.640 loading class java/lang/IllegalStateException done
Event: 0.641 loading class java/lang/WeakPairMap$Pair$Weak
Event: 0.641 loading class java/lang/WeakPairMap$WeakRefPeer
Event: 0.641 loading class java/lang/WeakPairMap$WeakRefPeer done
Event: 0.641 loading class java/lang/WeakPairMap$Pair$Weak done
Event: 0.641 loading class java/lang/WeakPairMap$Pair$Weak$1
Event: 0.641 loading class java/lang/WeakPairMap$Pair$Weak$1 done
Event: 165.513 loading class java/util/LinkedList$ListItr
Event: 165.513 loading class java/util/LinkedList$ListItr done


Dynamic libraries:
0x000000010b3c1000 	/Library/Java/JavaVirtualMachines/amazon-corretto-17.jdk/Contents/Home/lib/libjli.dylib
0x00007ff82a00b000 	/usr/lib/libz.1.dylib
0x00007ff82a0f1000 	/usr/lib/libSystem.B.dylib
0x00007ff82a0ec000 	/usr/lib/system/libcache.dylib
0x00007ff82a0a8000 	/usr/lib/system/libcommonCrypto.dylib
0x00007ff82a0d1000 	/usr/lib/system/libcompiler_rt.dylib
0x00007ff82a0c7000 	/usr/lib/system/libcopyfile.dylib
0x00007ff81eca9000 	/usr/lib/system/libcorecrypto.dylib
0x00007ff81ed67000 	/usr/lib/system/libdispatch.dylib
0x00007ff81ef27000 	/usr/lib/system/libdyld.dylib
0x00007ff82a0e3000 	/usr/lib/system/libkeymgr.dylib
0x00007ff82a086000 	/usr/lib/system/libmacho.dylib
0x00007ff8296ff000 	/usr/lib/system/libquarantine.dylib
0x00007ff82a0e1000 	/usr/lib/system/libremovefile.dylib
0x00007ff823dd8000 	/usr/lib/system/libsystem_asl.dylib
0x00007ff81ec52000 	/usr/lib/system/libsystem_blocks.dylib
0x00007ff81edeb000 	/usr/lib/system/libsystem_c.dylib
0x00007ff82a0d9000 	/usr/lib/system/libsystem_collections.dylib
0x00007ff828a2a000 	/usr/lib/system/libsystem_configuration.dylib
0x00007ff827cd6000 	/usr/lib/system/libsystem_containermanager.dylib
0x00007ff829db9000 	/usr/lib/system/libsystem_coreservices.dylib
0x00007ff821481000 	/usr/lib/system/libsystem_darwin.dylib
0x00007ff82a0e4000 	/usr/lib/system/libsystem_dnssd.dylib
0x00007ff81ede8000 	/usr/lib/system/libsystem_featureflags.dylib
0x00007ff81ef3d000 	/usr/lib/system/libsystem_info.dylib
0x00007ff82a01e000 	/usr/lib/system/libsystem_m.dylib
0x00007ff81ed3b000 	/usr/lib/system/libsystem_malloc.dylib
0x00007ff823d73000 	/usr/lib/system/libsystem_networkextension.dylib
0x00007ff8218a7000 	/usr/lib/system/libsystem_notify.dylib
0x00007ff83040d000 	/usr/lib/system/libsystem_product_info_filter.dylib
0x00007ff828a2e000 	/usr/lib/system/libsystem_sandbox.dylib
0x00007ff82a0de000 	/usr/lib/system/libsystem_secinit.dylib
0x00007ff81eee3000 	/usr/lib/system/libsystem_kernel.dylib
0x00007ff81ef33000 	/usr/lib/system/libsystem_platform.dylib
0x00007ff81ef1b000 	/usr/lib/system/libsystem_pthread.dylib
0x00007ff825690000 	/usr/lib/system/libsystem_symptoms.dylib
0x00007ff81ec90000 	/usr/lib/system/libsystem_trace.dylib
0x00007ff82a0b4000 	/usr/lib/system/libunwind.dylib
0x00007ff81ec54000 	/usr/lib/system/libxpc.dylib
0x00007ff81eecd000 	/usr/lib/libc++abi.dylib
0x00007ff81edae000 	/usr/lib/libobjc.A.dylib
0x00007ff82a0bf000 	/usr/lib/liboah.dylib
0x00007ff81ee74000 	/usr/lib/libc++.1.dylib
0x00007ff83620a000 	/System/Library/Frameworks/Cocoa.framework/Versions/A/Cocoa
0x00007ff821905000 	/System/Library/Frameworks/AppKit.framework/Versions/C/AppKit
0x00007ff824e6f000 	/System/Library/Frameworks/CoreData.framework/Versions/A/CoreData
0x00007ff81fd11000 	/System/Library/Frameworks/Foundation.framework/Versions/C/Foundation
0x00007ff822793000 	/System/Library/PrivateFrameworks/UIFoundation.framework/Versions/A/UIFoundation
0x00007ff830110000 	/System/Library/PrivateFrameworks/RemoteViewServices.framework/Versions/A/RemoteViewServices
0x00007ff8283b4000 	/System/Library/PrivateFrameworks/XCTTargetBootstrap.framework/Versions/A/XCTTargetBootstrap
0x00007ff82bfb6000 	/System/Library/PrivateFrameworks/InternationalSupport.framework/Versions/A/InternationalSupport
0x00007ff82c040000 	/System/Library/PrivateFrameworks/UserActivity.framework/Versions/A/UserActivity
0x00007ff82b39a000 	/usr/lib/libspindump.dylib
0x00007ff822a21000 	/System/Library/Frameworks/UniformTypeIdentifiers.framework/Versions/A/UniformTypeIdentifiers
0x00007ff826add000 	/usr/lib/libapp_launch_measurement.dylib
0x00007ff825850000 	/System/Library/PrivateFrameworks/CoreAnalytics.framework/Versions/A/CoreAnalytics
0x00007ff826ae0000 	/System/Library/PrivateFrameworks/CoreAutoLayout.framework/Versions/A/CoreAutoLayout
0x00007ff827d0e000 	/System/Library/Frameworks/Metal.framework/Versions/A/Metal
0x00007ff828a3a000 	/usr/lib/liblangid.dylib
0x00007ff8283b9000 	/System/Library/PrivateFrameworks/CoreSVG.framework/Versions/A/CoreSVG
0x00007ff823e08000 	/System/Library/PrivateFrameworks/SkyLight.framework/Versions/A/SkyLight
0x00007ff8241a6000 	/System/Library/Frameworks/CoreGraphics.framework/Versions/A/CoreGraphics
0x00007ff8307d0000 	/System/Library/Frameworks/Accelerate.framework/Versions/A/Accelerate
0x00007ff82ae19000 	/System/Library/PrivateFrameworks/IconServices.framework/Versions/A/IconServices
0x00007ff827cf3000 	/System/Library/Frameworks/IOSurface.framework/Versions/A/IOSurface
0x00007ff82587e000 	/usr/lib/libDiagnosticMessagesClient.dylib
0x00007ff833eb3000 	/System/Library/Frameworks/ApplicationServices.framework/Versions/A/ApplicationServices
0x00007ff8283a0000 	/System/Library/PrivateFrameworks/DFRFoundation.framework/Versions/A/DFRFoundation
0x00007ff8211ed000 	/usr/lib/libicucore.A.dylib
0x00007ff82cdab000 	/System/Library/Frameworks/AudioToolbox.framework/Versions/A/AudioToolbox
0x00007ff82bfc2000 	/System/Library/PrivateFrameworks/DataDetectorsCore.framework/Versions/A/DataDetectorsCore
0x00007ff927f94000 	/System/Library/PrivateFrameworks/TextInput.framework/Versions/A/TextInput
0x00007ff823d8b000 	/usr/lib/libMobileGestalt.dylib
0x00007ff8280ac000 	/System/Library/Frameworks/Carbon.framework/Versions/A/Frameworks/HIToolbox.framework/Versions/A/HIToolbox
0x00007ff8264e3000 	/System/Library/Frameworks/QuartzCore.framework/Versions/A/QuartzCore
0x00007ff820e94000 	/System/Library/Frameworks/Security.framework/Versions/A/Security
0x00007ff830148000 	/System/Library/Frameworks/Carbon.framework/Versions/A/Frameworks/SpeechRecognition.framework/Versions/A/SpeechRecognition
0x00007ff82683d000 	/System/Library/PrivateFrameworks/CoreUI.framework/Versions/A/CoreUI
0x00007ff820760000 	/System/Library/Frameworks/CoreAudio.framework/Versions/A/CoreAudio
0x00007ff82596d000 	/System/Library/Frameworks/DiskArbitration.framework/Versions/A/DiskArbitration
0x00007ff82b786000 	/System/Library/PrivateFrameworks/MultitouchSupport.framework/Versions/A/MultitouchSupport
0x00007ff823d8a000 	/usr/lib/libenergytrace.dylib
0x00007ff8217f1000 	/System/Library/Frameworks/IOKit.framework/Versions/A/IOKit
0x00007ff830538000 	/System/Library/Frameworks/CoreServices.framework/Versions/A/CoreServices
0x00007ff826a77000 	/System/Library/PrivateFrameworks/PerformanceAnalysis.framework/Versions/A/PerformanceAnalysis
0x00007ffa373a0000 	/System/Library/Frameworks/OpenGL.framework/Versions/A/OpenGL
0x00007ff829625000 	/System/Library/PrivateFrameworks/MobileKeyBag.framework/Versions/A/MobileKeyBag
0x00007ff8248d0000 	/System/Library/Frameworks/ColorSync.framework/Versions/A/ColorSync
0x00007ff81ef68000 	/System/Library/Frameworks/CoreFoundation.framework/Versions/A/CoreFoundation
0x00007ff828630000 	/System/Library/Frameworks/CoreImage.framework/Versions/A/CoreImage
0x00007ff820578000 	/System/Library/Frameworks/CoreText.framework/Versions/A/CoreText
0x00007ff8283e9000 	/System/Library/Frameworks/ImageIO.framework/Versions/A/ImageIO
0x00007ff82a0f7000 	/System/Library/PrivateFrameworks/SoftLinking.framework/Versions/A/SoftLinking
0x00007ff826b28000 	/usr/lib/libxml2.2.dylib
0x00007ff82a378000 	/usr/lib/libcompression.dylib
0x00007ff82bee9000 	/System/Library/PrivateFrameworks/TextureIO.framework/Versions/A/TextureIO
0x00007ff82aa92000 	/usr/lib/libate.dylib
0x00007ff82a850000 	/usr/lib/liblzma.5.dylib
0x00007ff81fa24000 	/System/Library/Frameworks/SystemConfiguration.framework/Versions/A/SystemConfiguration
0x00007ff82a0f3000 	/usr/lib/libfakelink.dylib
0x00007ff8238e4000 	/System/Library/Frameworks/CFNetwork.framework/Versions/A/CFNetwork
0x00007ff82a234000 	/usr/lib/libarchive.2.dylib
0x00007ff828a36000 	/System/Library/PrivateFrameworks/AppleSystemInfo.framework/Versions/A/AppleSystemInfo
0x00007ff829726000 	/usr/lib/libbsm.0.dylib
0x00007ff822ef7000 	/usr/lib/libnetwork.dylib
0x00007ff82a08c000 	/usr/lib/system/libkxld.dylib
0x00007ff829352000 	/System/Library/PrivateFrameworks/IOMobileFramebuffer.framework/Versions/A/IOMobileFramebuffer
0x00007ffb36a89000 	/usr/lib/libCoreEntitlements.dylib
0x00007ff829d9b000 	/System/Library/PrivateFrameworks/AppleFSCompression.framework/Versions/A/AppleFSCompression
0x00007ff82970e000 	/usr/lib/libcoretls.dylib
0x00007ff82a86a000 	/usr/lib/libcoretls_cfhelpers.dylib
0x00007ff82a373000 	/usr/lib/libpam.2.dylib
0x00007ff8252b3000 	/usr/lib/libsqlite3.dylib
0x00007ff82a8d9000 	/usr/lib/libxar.1.dylib
0x00007ff829dab000 	/usr/lib/libbz2.1.0.dylib
0x00007ff82a0f8000 	/usr/lib/libpcap.A.dylib
0x00007ff825688000 	/usr/lib/libdns_services.dylib
0x00007ff82a346000 	/usr/lib/libapple_nghttp2.dylib
0x00007ff82a132000 	/usr/lib/libiconv.2.dylib
0x00007ff82a085000 	/usr/lib/libcharset.1.dylib
0x00007ff826aab000 	/System/Library/Frameworks/CoreServices.framework/Versions/A/Frameworks/FSEvents.framework/Versions/A/FSEvents
0x00007ff82148b000 	/System/Library/Frameworks/CoreServices.framework/Versions/A/Frameworks/CarbonCore.framework/Versions/A/CarbonCore
0x00007ff8258d1000 	/System/Library/Frameworks/CoreServices.framework/Versions/A/Frameworks/Metadata.framework/Versions/A/Metadata
0x00007ff829dbe000 	/System/Library/Frameworks/CoreServices.framework/Versions/A/Frameworks/OSServices.framework/Versions/A/OSServices
0x00007ff82a2bb000 	/System/Library/Frameworks/CoreServices.framework/Versions/A/Frameworks/SearchKit.framework/Versions/A/SearchKit
0x00007ff82561b000 	/System/Library/Frameworks/CoreServices.framework/Versions/A/Frameworks/AE.framework/Versions/A/AE
0x00007ff81f469000 	/System/Library/Frameworks/CoreServices.framework/Versions/A/Frameworks/LaunchServices.framework/Versions/A/LaunchServices
0x00007ff82a801000 	/System/Library/Frameworks/CoreServices.framework/Versions/A/Frameworks/DictionaryServices.framework/Versions/A/DictionaryServices
0x00007ff826ab8000 	/System/Library/Frameworks/CoreServices.framework/Versions/A/Frameworks/SharedFileList.framework/Versions/A/SharedFileList
0x00007ff829702000 	/usr/lib/libCheckFix.dylib
0x00007ff823def000 	/System/Library/PrivateFrameworks/TCC.framework/Versions/A/TCC
0x00007ff828a3c000 	/System/Library/PrivateFrameworks/CoreNLP.framework/Versions/A/CoreNLP
0x00007ff825881000 	/System/Library/PrivateFrameworks/MetadataUtilities.framework/Versions/A/MetadataUtilities
0x00007ff81fad4000 	/usr/lib/libmecabra.dylib
0x00007ff829736000 	/usr/lib/libmecab.dylib
0x00007ff81fa9f000 	/usr/lib/libCRFSuite.dylib
0x00007ff829790000 	/usr/lib/libgermantok.dylib
0x00007ff82a321000 	/usr/lib/libThaiTokenizer.dylib
0x00007ff825974000 	/System/Library/Frameworks/Accelerate.framework/Versions/A/Frameworks/vImage.framework/Versions/A/vImage
0x00007ff83050f000 	/System/Library/Frameworks/Accelerate.framework/Versions/A/Frameworks/vecLib.framework/Versions/A/vecLib
0x00007ff82a91a000 	/System/Library/Frameworks/Accelerate.framework/Versions/A/Frameworks/vecLib.framework/Versions/A/libvMisc.dylib
0x00007ff829151000 	/System/Library/Frameworks/Accelerate.framework/Versions/A/Frameworks/vecLib.framework/Versions/A/libvDSP.dylib
0x00007ff81f7e3000 	/System/Library/Frameworks/Accelerate.framework/Versions/A/Frameworks/vecLib.framework/Versions/A/libBLAS.dylib
0x00007ff82a456000 	/System/Library/Frameworks/Accelerate.framework/Versions/A/Frameworks/vecLib.framework/Versions/A/libLAPACK.dylib
0x00007ff829793000 	/System/Library/Frameworks/Accelerate.framework/Versions/A/Frameworks/vecLib.framework/Versions/A/libLinearAlgebra.dylib
0x00007ff82a35e000 	/System/Library/Frameworks/Accelerate.framework/Versions/A/Frameworks/vecLib.framework/Versions/A/libSparseBLAS.dylib
0x00007ff82a450000 	/System/Library/Frameworks/Accelerate.framework/Versions/A/Frameworks/vecLib.framework/Versions/A/libQuadrature.dylib
0x00007ff828b27000 	/System/Library/Frameworks/Accelerate.framework/Versions/A/Frameworks/vecLib.framework/Versions/A/libBNNS.dylib
0x00007ff81f9b5000 	/System/Library/Frameworks/Accelerate.framework/Versions/A/Frameworks/vecLib.framework/Versions/A/libSparse.dylib
0x00007ff828b20000 	/System/Library/PrivateFrameworks/LinguisticData.framework/Versions/A/LinguisticData
0x00007ff81f96b000 	/System/Library/PrivateFrameworks/Lexicon.framework/Versions/A/Lexicon
0x00007ff82a913000 	/usr/lib/libChineseTokenizer.dylib
0x00007ff8200cd000 	/System/Library/PrivateFrameworks/LanguageModeling.framework/Versions/A/LanguageModeling
0x00007ff82a323000 	/System/Library/PrivateFrameworks/AppleSauce.framework/Versions/A/AppleSauce
0x00007ff829340000 	/System/Library/PrivateFrameworks/CoreEmoji.framework/Versions/A/CoreEmoji
0x00007ff82a223000 	/usr/lib/libcmph.dylib
0x00007ff826a8f000 	/System/Library/Frameworks/OpenDirectory.framework/Versions/A/Frameworks/CFOpenDirectory.framework/Versions/A/CFOpenDirectory
0x00007ff826a83000 	/System/Library/Frameworks/OpenDirectory.framework/Versions/A/OpenDirectory
0x00007ff82a86c000 	/System/Library/PrivateFrameworks/APFS.framework/Versions/A/APFS
0x00007ff82965d000 	/System/Library/Frameworks/SecurityFoundation.framework/Versions/A/SecurityFoundation
0x00007ff82a8e7000 	/usr/lib/libutil.dylib
0x00007ff8217b5000 	/System/Library/PrivateFrameworks/CoreServicesStore.framework/Versions/A/CoreServicesStore
0x00007ff82a8eb000 	/usr/lib/libxslt.1.dylib
0x00007ff8296ea000 	/System/Library/PrivateFrameworks/BackgroundTaskManagement.framework/Versions/A/BackgroundTaskManagement
0x00007ff82be0a000 	/System/Library/Frameworks/ImageIO.framework/Versions/A/Resources/libRadiance.dylib
0x00007ff82be13000 	/System/Library/Frameworks/ImageIO.framework/Versions/A/Resources/libJPEG.dylib
0x00007ff82bd65000 	/System/Library/Frameworks/ImageIO.framework/Versions/A/Resources/libPng.dylib
0x00007ff82bd86000 	/System/Library/Frameworks/ImageIO.framework/Versions/A/Resources/libTIFF.dylib
0x00007ff82be72000 	/System/Library/Frameworks/ImageIO.framework/Versions/A/Resources/libGIF.dylib
0x00007ff82b6a2000 	/System/Library/Frameworks/ImageIO.framework/Versions/A/Resources/libJP2.dylib
0x00007ff82ade0000 	/usr/lib/libexpat.1.dylib
0x00007ff82b657000 	/System/Library/PrivateFrameworks/AppleJPEG.framework/Versions/A/AppleJPEG
0x00007ff827f70000 	/System/Library/PrivateFrameworks/FontServices.framework/libFontParser.dylib
0x00007ff8255c5000 	/System/Library/PrivateFrameworks/RunningBoardServices.framework/Versions/A/RunningBoardServices
0x00007ff8367c2000 	/System/Library/PrivateFrameworks/IOSurfaceAccelerator.framework/Versions/A/IOSurfaceAccelerator
0x00007ff82b782000 	/System/Library/PrivateFrameworks/WatchdogClient.framework/Versions/A/WatchdogClient
0x00007ff8201bb000 	/System/Library/Frameworks/CoreDisplay.framework/Versions/A/CoreDisplay
0x00007ff827e6e000 	/System/Library/Frameworks/CoreMedia.framework/Versions/A/CoreMedia
0x00007ff827d05000 	/System/Library/PrivateFrameworks/IOAccelerator.framework/Versions/A/IOAccelerator
0x00007ff826c0c000 	/System/Library/Frameworks/CoreVideo.framework/Versions/A/CoreVideo
0x00007ff82a371000 	/System/Library/Frameworks/MetalPerformanceShaders.framework/Versions/A/MetalPerformanceShaders
0x00007ff82b7bf000 	/System/Library/Frameworks/VideoToolbox.framework/Versions/A/VideoToolbox
0x00007ff82550f000 	/System/Library/PrivateFrameworks/BaseBoard.framework/Versions/A/BaseBoard
0x00007ff825299000 	/System/Library/PrivateFrameworks/ProtocolBuffer.framework/Versions/A/ProtocolBuffer
0x00007ff82be03000 	/System/Library/PrivateFrameworks/GPUWrangler.framework/Versions/A/GPUWrangler
0x00007ff82bde7000 	/System/Library/PrivateFrameworks/IOPresentment.framework/Versions/A/IOPresentment
0x00007ff82be0d000 	/System/Library/PrivateFrameworks/DSExternalDisplay.framework/Versions/A/DSExternalDisplay
0x00007ffa37394000 	/System/Library/Frameworks/OpenGL.framework/Versions/A/Libraries/libCoreFSCache.dylib
0x00007ffb24232000 	/System/Library/PrivateFrameworks/GPUCompiler.framework/Versions/31001/Libraries/libGPUCompilerUtils.dylib
0x00007ff82be77000 	/System/Library/PrivateFrameworks/CMCaptureCore.framework/Versions/A/CMCaptureCore
0x00007ff82b388000 	/System/Library/PrivateFrameworks/AppServerSupport.framework/Versions/A/AppServerSupport
0x00007ff82d643000 	/System/Library/PrivateFrameworks/perfdata.framework/Versions/A/perfdata
0x00007ff8202e7000 	/System/Library/PrivateFrameworks/AudioToolboxCore.framework/Versions/A/AudioToolboxCore
0x00007ff827e4c000 	/System/Library/PrivateFrameworks/caulk.framework/Versions/A/caulk
0x00007ff82cf55000 	/usr/lib/libAudioStatistics.dylib
0x00007ff924742000 	/System/Library/PrivateFrameworks/SystemPolicy.framework/Versions/A/SystemPolicy
0x00007ff82d1b0000 	/usr/lib/libSMC.dylib
0x00007ff8360bd000 	/System/Library/Frameworks/CoreMIDI.framework/Versions/A/CoreMIDI
0x00007ff82bd34000 	/usr/lib/libAudioToolboxUtility.dylib
0x00007ff9209e5000 	/System/Library/PrivateFrameworks/OSAServicesClient.framework/Versions/A/OSAServicesClient
0x00007ff82d650000 	/usr/lib/libperfcheck.dylib
0x00007ff9251ec000 	/usr/lib/libmis.dylib
0x00007ffa373ef000 	/System/Library/Frameworks/OpenGL.framework/Versions/A/Libraries/libGLU.dylib
0x00007ffa373b3000 	/System/Library/Frameworks/OpenGL.framework/Versions/A/Libraries/libGFXShared.dylib
0x00007ffa375bc000 	/System/Library/Frameworks/OpenGL.framework/Versions/A/Libraries/libGL.dylib
0x00007ffa373bc000 	/System/Library/Frameworks/OpenGL.framework/Versions/A/Libraries/libGLImage.dylib
0x00007ffa373b0000 	/System/Library/Frameworks/OpenGL.framework/Versions/A/Libraries/libCVMSPluginSupport.dylib
0x00007ffa3739b000 	/System/Library/Frameworks/OpenGL.framework/Versions/A/Libraries/libCoreVMClient.dylib
0x00007ff8289b8000 	/System/Library/Frameworks/MetalPerformanceShaders.framework/Versions/A/Frameworks/MPSCore.framework/Versions/A/MPSCore
0x00007ff829d06000 	/System/Library/Frameworks/MetalPerformanceShaders.framework/Versions/A/Frameworks/MPSImage.framework/Versions/A/MPSImage
0x00007ff8297a9000 	/System/Library/Frameworks/MetalPerformanceShaders.framework/Versions/A/Frameworks/MPSNeuralNetwork.framework/Versions/A/MPSNeuralNetwork
0x00007ff829c1d000 	/System/Library/Frameworks/MetalPerformanceShaders.framework/Versions/A/Frameworks/MPSMatrix.framework/Versions/A/MPSMatrix
0x00007ff8299d8000 	/System/Library/Frameworks/MetalPerformanceShaders.framework/Versions/A/Frameworks/MPSRayIntersector.framework/Versions/A/MPSRayIntersector
0x00007ff829c55000 	/System/Library/Frameworks/MetalPerformanceShaders.framework/Versions/A/Frameworks/MPSNDArray.framework/Versions/A/MPSNDArray
0x00007ffa3c31c000 	/System/Library/Frameworks/MetalPerformanceShaders.framework/Versions/A/Frameworks/MPSFunctions.framework/Versions/A/MPSFunctions
0x00007ff81f6c0000 	/System/Library/PrivateFrameworks/MetalTools.framework/Versions/A/MetalTools
0x00007ff828a34000 	/System/Library/PrivateFrameworks/AggregateDictionary.framework/Versions/A/AggregateDictionary
0x00007ff82abc2000 	/usr/lib/libIOReport.dylib
0x00007ffa389cb000 	/System/Library/Frameworks/OpenCL.framework/Versions/A/OpenCL
0x00007ff82af26000 	/System/Library/PrivateFrameworks/FaceCore.framework/Versions/A/FaceCore
0x00007ff82af17000 	/System/Library/PrivateFrameworks/GraphVisualizer.framework/Versions/A/GraphVisualizer
0x00007ffb2413d000 	/System/Library/PrivateFrameworks/FontServices.framework/Versions/A/FontServices
0x00007ff82b340000 	/System/Library/PrivateFrameworks/OTSVG.framework/Versions/A/OTSVG
0x00007ff8267f3000 	/System/Library/Frameworks/ApplicationServices.framework/Versions/A/Frameworks/ATS.framework/Versions/A/Resources/libFontRegistry.dylib
0x00007ff82b390000 	/System/Library/PrivateFrameworks/FontServices.framework/libhvf.dylib
0x00007ffb2413e000 	/System/Library/PrivateFrameworks/FontServices.framework/libXTFontStaticRegistryData.dylib
0x00007ff82ad90000 	/System/Library/PrivateFrameworks/AppleVA.framework/Versions/A/AppleVA
0x00007ff82cf75000 	/System/Library/Frameworks/ApplicationServices.framework/Versions/A/Frameworks/ATS.framework/Versions/A/ATS
0x00007ff8249cc000 	/System/Library/Frameworks/ApplicationServices.framework/Versions/A/Frameworks/HIServices.framework/Versions/A/HIServices
0x00007ff82be81000 	/System/Library/Frameworks/ApplicationServices.framework/Versions/A/Frameworks/PrintCore.framework/Versions/A/PrintCore
0x00007ff82d303000 	/System/Library/Frameworks/ApplicationServices.framework/Versions/A/Frameworks/QD.framework/Versions/A/QD
0x00007ff82d2fb000 	/System/Library/Frameworks/ApplicationServices.framework/Versions/A/Frameworks/ColorSyncLegacy.framework/Versions/A/ColorSyncLegacy
0x00007ff82cf65000 	/System/Library/Frameworks/ApplicationServices.framework/Versions/A/Frameworks/SpeechSynthesis.framework/Versions/A/SpeechSynthesis
0x00007ff82be42000 	/System/Library/Frameworks/ApplicationServices.framework/Versions/A/Frameworks/ATSUI.framework/Versions/A/ATSUI
0x00007ff82d290000 	/usr/lib/libcups.2.dylib
0x00007ff82d65f000 	/System/Library/Frameworks/Kerberos.framework/Versions/A/Kerberos
0x00007ff82d66e000 	/System/Library/Frameworks/GSS.framework/Versions/A/GSS
0x00007ff82cfe1000 	/usr/lib/libresolv.9.dylib
0x00007ff82b39f000 	/System/Library/PrivateFrameworks/Heimdal.framework/Versions/A/Heimdal
0x00007ff83423b000 	/System/Library/Frameworks/Kerberos.framework/Versions/A/Libraries/libHeimdalProxy.dylib
0x00007ff825698000 	/System/Library/Frameworks/Network.framework/Versions/A/Network
0x00007ff82adfa000 	/usr/lib/libheimdal-asn1.dylib
0x00007ff82d6b9000 	/System/Library/PrivateFrameworks/CommonAuth.framework/Versions/A/CommonAuth
0x00007ff82cee7000 	/System/Library/PrivateFrameworks/AudioSession.framework/Versions/A/AudioSession
0x00007ff82ae8a000 	/System/Library/PrivateFrameworks/MediaExperience.framework/Versions/A/MediaExperience
0x00007ff82cd7a000 	/System/Library/PrivateFrameworks/AudioSession.framework/libSessionUtility.dylib
0x00007ff82d30f000 	/System/Library/PrivateFrameworks/AudioResourceArbitration.framework/Versions/A/AudioResourceArbitration
0x00007ff831382000 	/System/Library/PrivateFrameworks/PowerLog.framework/Versions/A/PowerLog
0x00007ff82ae03000 	/System/Library/PrivateFrameworks/IconFoundation.framework/Versions/A/IconFoundation
0x00007ff830138000 	/System/Library/PrivateFrameworks/SpeechRecognitionCore.framework/Versions/A/SpeechRecognitionCore
0x000000010c54b000 	/Library/Java/JavaVirtualMachines/amazon-corretto-17.jdk/Contents/Home/lib/server/libjvm.dylib
0x000000010b462000 	/Library/Java/JavaVirtualMachines/amazon-corretto-17.jdk/Contents/Home/lib/libjimage.dylib
0x000000010b4c4000 	/Library/Java/JavaVirtualMachines/amazon-corretto-17.jdk/Contents/Home/lib/libjdwp.dylib
0x000000010b570000 	/Library/Java/JavaVirtualMachines/amazon-corretto-17.jdk/Contents/Home/lib/libjava.dylib
0x000000010b493000 	/Library/Java/JavaVirtualMachines/amazon-corretto-17.jdk/Contents/Home/lib/libinstrument.dylib
0x000000012b9db000 	/Library/Java/JavaVirtualMachines/amazon-corretto-17.jdk/Contents/Home/lib/libnio.dylib
0x000000012ba32000 	/Library/Java/JavaVirtualMachines/amazon-corretto-17.jdk/Contents/Home/lib/libnet.dylib
0x000000012bb57000 	/Library/Java/JavaVirtualMachines/amazon-corretto-17.jdk/Contents/Home/lib/libdt_socket.dylib
0x000000010c502000 	/Library/Java/JavaVirtualMachines/amazon-corretto-17.jdk/Contents/Home/lib/libzip.dylib
0x000000012e12c000 	/Library/Java/JavaVirtualMachines/amazon-corretto-17.jdk/Contents/Home/lib/libverify.dylib


VM Arguments:
jvm_args: -XX:+ShowCodeDetailsInExceptionMessages -agentlib:jdwp=transport=dt_socket,suspend=y,address=localhost:50005 -javaagent:/Users/chelseaperrine/eclipse/java-2021-12/Eclipse.app/Contents/Eclipse/configuration/org.eclipse.osgi/215/0/.cp/lib/javaagent-shaded.jar -Dfile.encoding=UTF-8 --module-path=/Users/chelseaperrine/projects/Week6/Week6ProjectTry/bin -Djdk.module.main=Week6ProjectTry 
java_command: Week6ProjectTry/warGame.App
java_class_path (initial): <not set>
Launcher Type: SUN_STANDARD

[Global flags]
     intx CICompilerCount                          = 4                                         {product} {ergonomic}
     uint ConcGCThreads                            = 2                                         {product} {ergonomic}
     uint G1ConcRefinementThreads                  = 8                                         {product} {ergonomic}
   size_t G1HeapRegionSize                         = 1048576                                   {product} {ergonomic}
    uintx GCDrainStackTargetSize                   = 64                                        {product} {ergonomic}
   size_t InitialHeapSize                          = 134217728                                 {product} {ergonomic}
   size_t MarkStackSize                            = 4194304                                   {product} {ergonomic}
   size_t MaxHeapSize                              = 2147483648                                {product} {ergonomic}
   size_t MaxNewSize                               = 1287651328                                {product} {ergonomic}
   size_t MinHeapDeltaBytes                        = 1048576                                   {product} {ergonomic}
   size_t MinHeapSize                              = 8388608                                   {product} {ergonomic}
    uintx NonNMethodCodeHeapSize                   = 5839372                                {pd product} {ergonomic}
    uintx NonProfiledCodeHeapSize                  = 122909434                              {pd product} {ergonomic}
    uintx ProfiledCodeHeapSize                     = 122909434                              {pd product} {ergonomic}
    uintx ReservedCodeCacheSize                    = 251658240                              {pd product} {ergonomic}
     bool SegmentedCodeCache                       = true                                      {product} {ergonomic}
     bool ShowCodeDetailsInExceptionMessages       = true                                   {manageable} {command line}
   size_t SoftMaxHeapSize                          = 2147483648                             {manageable} {ergonomic}
     bool UseCompressedClassPointers               = true                           {product lp64_product} {ergonomic}
     bool UseCompressedOops                        = true                           {product lp64_product} {ergonomic}
     bool UseG1GC                                  = true                                      {product} {ergonomic}
     bool UseNUMA                                  = false                                     {product} {ergonomic}
     bool UseNUMAInterleaving                      = false                                     {product} {ergonomic}

Logging:
Log output configuration:
 #0: stdout all=warning uptime,level,tags
 #1: stderr all=off uptime,level,tags

Environment Variables:
PATH=/usr/bin:/bin:/usr/sbin:/sbin
SHELL=/bin/zsh

Signal Handlers:
   SIGSEGV: _ZL13crash_handleriP9__siginfoPv in libjvm.dylib, mask=11100110100111111111111111111111, flags=SA_RESTART|SA_SIGINFO
    SIGBUS: _ZL13crash_handleriP9__siginfoPv in libjvm.dylib, mask=11100110100111111111111111111111, flags=SA_RESTART|SA_SIGINFO
    SIGFPE: _ZL13crash_handleriP9__siginfoPv in libjvm.dylib, mask=11100110100111111111111111111111, flags=SA_RESTART|SA_SIGINFO
   SIGPIPE: _ZL17javaSignalHandleriP9__siginfoPv in libjvm.dylib, mask=11100110100111111111111111111111, flags=SA_RESTART|SA_SIGINFO
   SIGXFSZ: _ZL17javaSignalHandleriP9__siginfoPv in libjvm.dylib, mask=11100110100111111111111111111111, flags=SA_RESTART|SA_SIGINFO
    SIGILL: _ZL13crash_handleriP9__siginfoPv in libjvm.dylib, mask=11100110100111111111111111111111, flags=SA_RESTART|SA_SIGINFO
   SIGUSR2: _ZL10SR_handleriP9__siginfoP17__darwin_ucontext in libjvm.dylib, mask=00100000000000000000000000000000, flags=SA_RESTART|SA_SIGINFO
    SIGHUP: _ZL11UserHandleriPvS_ in libjvm.dylib, mask=11100110100111111111111111111111, flags=SA_RESTART|SA_SIGINFO
    SIGINT: _ZL11UserHandleriPvS_ in libjvm.dylib, mask=11100110100111111111111111111111, flags=SA_RESTART|SA_SIGINFO
   SIGTERM: _ZL11UserHandleriPvS_ in libjvm.dylib, mask=11100110100111111111111111111111, flags=SA_RESTART|SA_SIGINFO
   SIGQUIT: _ZL11UserHandleriPvS_ in libjvm.dylib, mask=11100110100111111111111111111111, flags=SA_RESTART|SA_SIGINFO
   SIGTRAP: _ZL13crash_handleriP9__siginfoPv in libjvm.dylib, mask=11100110100111111111111111111111, flags=SA_RESTART|SA_SIGINFO


---------------  S Y S T E M  ---------------

OS:
uname: Darwin 21.4.0 Darwin Kernel Version 21.4.0: Mon Feb 21 20:36:53 PST 2022; root:xnu-8020.101.4~2/RELEASE_ARM64_T8101 x86_64
OS uptime: 6 days 11:54 hours
rlimit (soft/hard): STACK 8176k/65520k , CORE 0k/infinity , NPROC 1333/2000 , NOFILE 10240/infinity , AS infinity/infinity , CPU infinity/infinity , DATA infinity/infinity , FSIZE infinity/infinity , MEMLOCK infinity/infinity , RSS infinity/infinity
load average: 2.76 2.51 2.19

CPU: (EMULATED) total 8 (initial active 8) (1 cores per cpu, 1 threads per core) family 6 model 44 stepping 0 microcode 0x0, cx8, cmov, fxsr, mmx, sse, sse2, sse3, ssse3, sse4.1, sse4.2, popcnt, tsc, tscinvbit, aes, clmul, clflush

Memory: 4k page, physical 8388608k(16068k free), swap 1048576k(1015296k free)

vm_info: OpenJDK 64-Bit Server VM (17.0.2+8-LTS) for bsd-amd64 JRE (17.0.2+8-LTS), built on Jan 17 2022 04:58:26 by "ec2user" with clang Apple LLVM 13.0.0 (clang-1300.0.29.3)

END.
